2025-12-20T15:25:12.681561Z  INFO tailwindcss_oxide::scanner: Provided sources:
2025-12-20T15:25:12.724287Z  INFO tailwindcss_oxide::scanner: Source: PublicSourceEntry { base: "C:\\Users\\Home\\Downloads\\TienditaC.P.S-main", pattern: "**/*", negated: false }
2025-12-20T15:25:12.899589Z  INFO tailwindcss_oxide::scanner: Optimized sources:
2025-12-20T15:25:12.899679Z  INFO tailwindcss_oxide::scanner: Source: Auto { base: "C:\\Users\\Home\\Downloads\\TienditaC.P.S-main" }
2025-12-20T15:25:13.199790Z  INFO scan_sources: tailwindcss_oxide::scanner: enter
2025-12-20T15:25:13.380166Z  INFO scan_sources: tailwindcss_oxide::scanner: Discovering "C:\\Users\\Home\\Downloads\\TienditaC.P.S-main\\db"
2025-12-20T15:25:13.426704Z  INFO scan_sources: tailwindcss_oxide::scanner: Discovering "C:\\Users\\Home\\Downloads\\TienditaC.P.S-main\\db\\clean_and_seed.sql"
2025-12-20T15:25:13.426949Z  INFO scan_sources: tailwindcss_oxide::scanner: Discovering "C:\\Users\\Home\\Downloads\\TienditaC.P.S-main\\db\\clean_sales_only.sql"
2025-12-20T15:25:13.451378Z  INFO scan_sources: tailwindcss_oxide::scanner: Discovering "C:\\Users\\Home\\Downloads\\TienditaC.P.S-main\\db\\create_credit_payments.sql"
2025-12-20T15:25:13.451691Z  INFO scan_sources: tailwindcss_oxide::scanner: Discovering "C:\\Users\\Home\\Downloads\\TienditaC.P.S-main\\db\\recreate_schema.sql"
2025-12-20T15:25:13.470996Z  INFO scan_sources: tailwindcss_oxide::scanner: Discovering "C:\\Users\\Home\\Downloads\\TienditaC.P.S-main\\db\\update_weekly_credits.sql"
2025-12-20T15:25:13.471579Z  INFO scan_sources: tailwindcss_oxide::scanner: Discovering "C:\\Users\\Home\\Downloads\\TienditaC.P.S-main\\eslint.config.mjs"
2025-12-20T15:25:13.480542Z  INFO scan_sources: tailwindcss_oxide::scanner: Discovering "C:\\Users\\Home\\Downloads\\TienditaC.P.S-main\\netlify.toml"
2025-12-20T15:25:13.480919Z  INFO scan_sources: tailwindcss_oxide::scanner: Discovering "C:\\Users\\Home\\Downloads\\TienditaC.P.S-main\\next.config.ts"
2025-12-20T15:25:13.484128Z  INFO scan_sources: tailwindcss_oxide::scanner: Discovering "C:\\Users\\Home\\Downloads\\TienditaC.P.S-main\\package.json"
2025-12-20T15:25:13.487424Z  INFO scan_sources: tailwindcss_oxide::scanner: Discovering "C:\\Users\\Home\\Downloads\\TienditaC.P.S-main\\postcss.config.mjs"
2025-12-20T15:25:13.497547Z  INFO scan_sources: tailwindcss_oxide::scanner: Discovering "C:\\Users\\Home\\Downloads\\TienditaC.P.S-main\\public"
2025-12-20T15:25:13.525251Z  INFO scan_sources: tailwindcss_oxide::scanner: Discovering "C:\\Users\\Home\\Downloads\\TienditaC.P.S-main\\public\\file.svg"
2025-12-20T15:25:13.525613Z  INFO scan_sources: tailwindcss_oxide::scanner: Discovering "C:\\Users\\Home\\Downloads\\TienditaC.P.S-main\\public\\globe.svg"
2025-12-20T15:25:13.526211Z  INFO scan_sources: tailwindcss_oxide::scanner: Discovering "C:\\Users\\Home\\Downloads\\TienditaC.P.S-main\\public\\next.svg"
2025-12-20T15:25:13.533200Z  INFO scan_sources: tailwindcss_oxide::scanner: Discovering "C:\\Users\\Home\\Downloads\\TienditaC.P.S-main\\public\\vercel.svg"
2025-12-20T15:25:13.545653Z  INFO scan_sources: tailwindcss_oxide::scanner: Discovering "C:\\Users\\Home\\Downloads\\TienditaC.P.S-main\\public\\window.svg"
2025-12-20T15:25:13.546089Z  INFO scan_sources: tailwindcss_oxide::scanner: Discovering "C:\\Users\\Home\\Downloads\\TienditaC.P.S-main\\README.md"
2025-12-20T15:25:13.561180Z  INFO scan_sources: tailwindcss_oxide::scanner: Discovering "C:\\Users\\Home\\Downloads\\TienditaC.P.S-main\\src"
2025-12-20T15:25:13.574134Z  INFO scan_sources: tailwindcss_oxide::scanner: Discovering "C:\\Users\\Home\\Downloads\\TienditaC.P.S-main\\src\\app"
2025-12-20T15:25:13.574822Z  INFO scan_sources: tailwindcss_oxide::scanner: Discovering "C:\\Users\\Home\\Downloads\\TienditaC.P.S-main\\src\\app\\credits"
2025-12-20T15:25:13.575337Z  INFO scan_sources: tailwindcss_oxide::scanner: Discovering "C:\\Users\\Home\\Downloads\\TienditaC.P.S-main\\src\\app\\credits\\layout.tsx"
2025-12-20T15:25:13.575612Z  INFO scan_sources: tailwindcss_oxide::scanner: Discovering "C:\\Users\\Home\\Downloads\\TienditaC.P.S-main\\src\\app\\credits\\page.tsx"
2025-12-20T15:25:13.596667Z  INFO scan_sources: tailwindcss_oxide::scanner: Discovering "C:\\Users\\Home\\Downloads\\TienditaC.P.S-main\\src\\app\\customers"
2025-12-20T15:25:13.597445Z  INFO scan_sources: tailwindcss_oxide::scanner: Discovering "C:\\Users\\Home\\Downloads\\TienditaC.P.S-main\\src\\app\\customers\\layout.tsx"
2025-12-20T15:25:13.597714Z  INFO scan_sources: tailwindcss_oxide::scanner: Discovering "C:\\Users\\Home\\Downloads\\TienditaC.P.S-main\\src\\app\\customers\\page.tsx"
2025-12-20T15:25:13.629018Z  INFO scan_sources: tailwindcss_oxide::scanner: Discovering "C:\\Users\\Home\\Downloads\\TienditaC.P.S-main\\src\\app\\dashboard"
2025-12-20T15:25:13.629659Z  INFO scan_sources: tailwindcss_oxide::scanner: Discovering "C:\\Users\\Home\\Downloads\\TienditaC.P.S-main\\src\\app\\dashboard\\layout.tsx"
2025-12-20T15:25:13.629900Z  INFO scan_sources: tailwindcss_oxide::scanner: Discovering "C:\\Users\\Home\\Downloads\\TienditaC.P.S-main\\src\\app\\dashboard\\page.tsx"
2025-12-20T15:25:13.630141Z  INFO scan_sources: tailwindcss_oxide::scanner: Discovering "C:\\Users\\Home\\Downloads\\TienditaC.P.S-main\\src\\app\\globals.css"
2025-12-20T15:25:13.672729Z  INFO scan_sources: tailwindcss_oxide::scanner: Discovering "C:\\Users\\Home\\Downloads\\TienditaC.P.S-main\\src\\app\\inventory"
2025-12-20T15:25:13.676350Z  INFO scan_sources: tailwindcss_oxide::scanner: Discovering "C:\\Users\\Home\\Downloads\\TienditaC.P.S-main\\src\\app\\inventory\\layout.tsx"
2025-12-20T15:25:13.676933Z  INFO scan_sources: tailwindcss_oxide::scanner: Discovering "C:\\Users\\Home\\Downloads\\TienditaC.P.S-main\\src\\app\\inventory\\page.tsx"
2025-12-20T15:25:13.677502Z  INFO scan_sources: tailwindcss_oxide::scanner: Discovering "C:\\Users\\Home\\Downloads\\TienditaC.P.S-main\\src\\app\\layout.tsx"
2025-12-20T15:25:13.677977Z  INFO scan_sources: tailwindcss_oxide::scanner: Discovering "C:\\Users\\Home\\Downloads\\TienditaC.P.S-main\\src\\app\\page.tsx"
2025-12-20T15:25:13.694376Z  INFO scan_sources: tailwindcss_oxide::scanner: Discovering "C:\\Users\\Home\\Downloads\\TienditaC.P.S-main\\src\\app\\pos"
2025-12-20T15:25:13.706321Z  INFO scan_sources: tailwindcss_oxide::scanner: Discovering "C:\\Users\\Home\\Downloads\\TienditaC.P.S-main\\src\\app\\pos\\layout.tsx"
2025-12-20T15:25:13.736538Z  INFO scan_sources: tailwindcss_oxide::scanner: Discovering "C:\\Users\\Home\\Downloads\\TienditaC.P.S-main\\src\\app\\pos\\page.tsx"
2025-12-20T15:25:13.751484Z  INFO scan_sources: tailwindcss_oxide::scanner: Discovering "C:\\Users\\Home\\Downloads\\TienditaC.P.S-main\\src\\app\\sales"
2025-12-20T15:25:13.763287Z  INFO scan_sources: tailwindcss_oxide::scanner: Discovering "C:\\Users\\Home\\Downloads\\TienditaC.P.S-main\\src\\app\\sales\\page.tsx"
2025-12-20T15:25:13.774763Z  INFO scan_sources: tailwindcss_oxide::scanner: Discovering "C:\\Users\\Home\\Downloads\\TienditaC.P.S-main\\src\\components"
2025-12-20T15:25:13.781152Z  INFO scan_sources: tailwindcss_oxide::scanner: Discovering "C:\\Users\\Home\\Downloads\\TienditaC.P.S-main\\src\\components\\backup-manager.tsx"
2025-12-20T15:25:13.781428Z  INFO scan_sources: tailwindcss_oxide::scanner: Discovering "C:\\Users\\Home\\Downloads\\TienditaC.P.S-main\\src\\components\\button.tsx"
2025-12-20T15:25:13.781749Z  INFO scan_sources: tailwindcss_oxide::scanner: Discovering "C:\\Users\\Home\\Downloads\\TienditaC.P.S-main\\src\\components\\confirm-dialog.tsx"
2025-12-20T15:25:13.789646Z  INFO scan_sources: tailwindcss_oxide::scanner: Discovering "C:\\Users\\Home\\Downloads\\TienditaC.P.S-main\\src\\components\\dark-mode-toggle.tsx"
2025-12-20T15:25:13.790123Z  INFO scan_sources: tailwindcss_oxide::scanner: Discovering "C:\\Users\\Home\\Downloads\\TienditaC.P.S-main\\src\\components\\global-search.tsx"
2025-12-20T15:25:13.790501Z  INFO scan_sources: tailwindcss_oxide::scanner: Discovering "C:\\Users\\Home\\Downloads\\TienditaC.P.S-main\\src\\components\\loading-eagle.tsx"
2025-12-20T15:25:13.796459Z  INFO scan_sources: tailwindcss_oxide::scanner: Discovering "C:\\Users\\Home\\Downloads\\TienditaC.P.S-main\\src\\components\\modal.tsx"
2025-12-20T15:25:13.800945Z  INFO scan_sources: tailwindcss_oxide::scanner: Discovering "C:\\Users\\Home\\Downloads\\TienditaC.P.S-main\\src\\components\\navbar.tsx"
2025-12-20T15:25:13.801256Z  INFO scan_sources: tailwindcss_oxide::scanner: Discovering "C:\\Users\\Home\\Downloads\\TienditaC.P.S-main\\src\\components\\sidebar.tsx"
2025-12-20T15:25:13.801515Z  INFO scan_sources: tailwindcss_oxide::scanner: Discovering "C:\\Users\\Home\\Downloads\\TienditaC.P.S-main\\src\\components\\table.tsx"
2025-12-20T15:25:13.801776Z  INFO scan_sources: tailwindcss_oxide::scanner: Discovering "C:\\Users\\Home\\Downloads\\TienditaC.P.S-main\\src\\components\\tutorial.tsx"
2025-12-20T15:25:13.805545Z  INFO scan_sources: tailwindcss_oxide::scanner: Discovering "C:\\Users\\Home\\Downloads\\TienditaC.P.S-main\\src\\lib"
2025-12-20T15:25:13.817141Z  INFO scan_sources: tailwindcss_oxide::scanner: Discovering "C:\\Users\\Home\\Downloads\\TienditaC.P.S-main\\src\\lib\\supabase"
2025-12-20T15:25:13.846917Z  INFO scan_sources: tailwindcss_oxide::scanner: Discovering "C:\\Users\\Home\\Downloads\\TienditaC.P.S-main\\src\\lib\\supabase\\client.ts"
2025-12-20T15:25:13.847349Z  INFO scan_sources: tailwindcss_oxide::scanner: Discovering "C:\\Users\\Home\\Downloads\\TienditaC.P.S-main\\src\\lib\\supabase\\database.types.ts"
2025-12-20T15:25:13.852956Z  INFO scan_sources: tailwindcss_oxide::scanner: Discovering "C:\\Users\\Home\\Downloads\\TienditaC.P.S-main\\src\\lib\\supabase\\server.ts"
2025-12-20T15:25:13.862685Z  INFO scan_sources: tailwindcss_oxide::scanner: Discovering "C:\\Users\\Home\\Downloads\\TienditaC.P.S-main\\src\\lib\\weekly-credits.ts"
2025-12-20T15:25:13.863592Z  INFO scan_sources: tailwindcss_oxide::scanner: Discovering "C:\\Users\\Home\\Downloads\\TienditaC.P.S-main\\tsconfig.json"
2025-12-20T15:25:13.863995Z  INFO scan_sources: tailwindcss_oxide::scanner: exit
2025-12-20T15:25:13.864043Z  INFO extract_candidates: tailwindcss_oxide::scanner: enter
2025-12-20T15:25:13.870623Z  INFO extract_candidates:read_all_files: tailwindcss_oxide::scanner: enter
2025-12-20T15:25:13.870674Z  INFO extract_candidates:read_all_files: tailwindcss_oxide::scanner: Reading 45 file(s)
2025-12-20T15:25:13.919176Z  INFO tailwindcss_oxide::scanner: Reading "C:\\Users\\Home\\Downloads\\TienditaC.P.S-main\\src\\components\\global-search.tsx"
2025-12-20T15:25:13.920131Z  INFO tailwindcss_oxide::scanner: Reading "C:\\Users\\Home\\Downloads\\TienditaC.P.S-main\\public\\globe.svg"
2025-12-20T15:25:13.920162Z  INFO tailwindcss_oxide::scanner: Reading "C:\\Users\\Home\\Downloads\\TienditaC.P.S-main\\db\\clean_and_seed.sql"
2025-12-20T15:25:13.920370Z  INFO tailwindcss_oxide::scanner: Reading "C:\\Users\\Home\\Downloads\\TienditaC.P.S-main\\src\\app\\inventory\\layout.tsx"
2025-12-20T15:25:13.930417Z  INFO tailwindcss_oxide::scanner: Reading "C:\\Users\\Home\\Downloads\\TienditaC.P.S-main\\src\\components\\loading-eagle.tsx"
2025-12-20T15:25:13.937263Z  INFO tailwindcss_oxide::scanner: Reading "C:\\Users\\Home\\Downloads\\TienditaC.P.S-main\\src\\app\\inventory\\page.tsx"
2025-12-20T15:25:13.937258Z  INFO tailwindcss_oxide::scanner: Reading "C:\\Users\\Home\\Downloads\\TienditaC.P.S-main\\public\\next.svg"
2025-12-20T15:25:13.937284Z  INFO tailwindcss_oxide::scanner: Reading "C:\\Users\\Home\\Downloads\\TienditaC.P.S-main\\db\\clean_sales_only.sql"
2025-12-20T15:25:13.937300Z  INFO tailwindcss_oxide::scanner: Reading "C:\\Users\\Home\\Downloads\\TienditaC.P.S-main\\src\\components\\modal.tsx"
2025-12-20T15:25:13.954725Z  INFO tailwindcss_oxide::scanner: Reading "C:\\Users\\Home\\Downloads\\TienditaC.P.S-main\\db\\create_credit_payments.sql"
2025-12-20T15:25:13.954725Z  INFO tailwindcss_oxide::scanner: Reading "C:\\Users\\Home\\Downloads\\TienditaC.P.S-main\\src\\components\\navbar.tsx"
2025-12-20T15:25:13.954824Z  INFO tailwindcss_oxide::scanner: Reading "C:\\Users\\Home\\Downloads\\TienditaC.P.S-main\\public\\vercel.svg"
2025-12-20T15:25:13.955040Z  INFO tailwindcss_oxide::scanner: Reading "C:\\Users\\Home\\Downloads\\TienditaC.P.S-main\\src\\app\\layout.tsx"
2025-12-20T15:25:14.028310Z  INFO tailwindcss_oxide::scanner: Reading "C:\\Users\\Home\\Downloads\\TienditaC.P.S-main\\src\\app\\page.tsx"
2025-12-20T15:25:14.029314Z  INFO tailwindcss_oxide::scanner: Reading "C:\\Users\\Home\\Downloads\\TienditaC.P.S-main\\public\\window.svg"
2025-12-20T15:25:14.029333Z  INFO tailwindcss_oxide::scanner: Reading "C:\\Users\\Home\\Downloads\\TienditaC.P.S-main\\src\\app\\pos\\layout.tsx"
2025-12-20T15:25:14.039878Z  INFO tailwindcss_oxide::scanner: Reading "C:\\Users\\Home\\Downloads\\TienditaC.P.S-main\\db\\recreate_schema.sql"
2025-12-20T15:25:14.050855Z  INFO tailwindcss_oxide::scanner: Reading "C:\\Users\\Home\\Downloads\\TienditaC.P.S-main\\README.md"
2025-12-20T15:25:14.051010Z  INFO tailwindcss_oxide::scanner: Reading "C:\\Users\\Home\\Downloads\\TienditaC.P.S-main\\src\\app\\pos\\page.tsx"
2025-12-20T15:25:14.051161Z  INFO tailwindcss_oxide::scanner: Reading "C:\\Users\\Home\\Downloads\\TienditaC.P.S-main\\src\\components\\sidebar.tsx"
2025-12-20T15:25:14.053348Z  INFO tailwindcss_oxide::scanner: Reading "C:\\Users\\Home\\Downloads\\TienditaC.P.S-main\\db\\update_weekly_credits.sql"
2025-12-20T15:25:14.054277Z  INFO tailwindcss_oxide::scanner: Reading "C:\\Users\\Home\\Downloads\\TienditaC.P.S-main\\eslint.config.mjs"
2025-12-20T15:25:14.054536Z  INFO tailwindcss_oxide::scanner: Reading "C:\\Users\\Home\\Downloads\\TienditaC.P.S-main\\netlify.toml"
2025-12-20T15:25:14.054789Z  INFO tailwindcss_oxide::scanner: Reading "C:\\Users\\Home\\Downloads\\TienditaC.P.S-main\\src\\app\\credits\\layout.tsx"
2025-12-20T15:25:14.059946Z  INFO tailwindcss_oxide::scanner: Reading "C:\\Users\\Home\\Downloads\\TienditaC.P.S-main\\next.config.ts"
2025-12-20T15:25:14.060180Z  INFO tailwindcss_oxide::scanner: Reading "C:\\Users\\Home\\Downloads\\TienditaC.P.S-main\\package.json"
2025-12-20T15:25:14.062665Z  INFO tailwindcss_oxide::scanner: Reading "C:\\Users\\Home\\Downloads\\TienditaC.P.S-main\\src\\app\\sales\\page.tsx"
2025-12-20T15:25:14.064825Z  INFO tailwindcss_oxide::scanner: Reading "C:\\Users\\Home\\Downloads\\TienditaC.P.S-main\\src\\components\\table.tsx"
2025-12-20T15:25:14.066311Z  INFO tailwindcss_oxide::scanner: Reading "C:\\Users\\Home\\Downloads\\TienditaC.P.S-main\\src\\app\\credits\\page.tsx"
2025-12-20T15:25:14.066549Z  INFO tailwindcss_oxide::scanner: Reading "C:\\Users\\Home\\Downloads\\TienditaC.P.S-main\\src\\app\\customers\\layout.tsx"
2025-12-20T15:25:14.069631Z  INFO tailwindcss_oxide::scanner: Reading "C:\\Users\\Home\\Downloads\\TienditaC.P.S-main\\src\\components\\backup-manager.tsx"
2025-12-20T15:25:14.069867Z  INFO tailwindcss_oxide::scanner: Reading "C:\\Users\\Home\\Downloads\\TienditaC.P.S-main\\src\\components\\tutorial.tsx"
2025-12-20T15:25:14.071880Z  INFO tailwindcss_oxide::scanner: Reading "C:\\Users\\Home\\Downloads\\TienditaC.P.S-main\\postcss.config.mjs"
2025-12-20T15:25:14.072541Z  INFO tailwindcss_oxide::scanner: Reading "C:\\Users\\Home\\Downloads\\TienditaC.P.S-main\\public\\file.svg"
2025-12-20T15:25:14.075692Z  INFO tailwindcss_oxide::scanner: Reading "C:\\Users\\Home\\Downloads\\TienditaC.P.S-main\\src\\app\\customers\\page.tsx"
2025-12-20T15:25:14.076222Z  INFO tailwindcss_oxide::scanner: Reading "C:\\Users\\Home\\Downloads\\TienditaC.P.S-main\\src\\app\\dashboard\\layout.tsx"
2025-12-20T15:25:14.076526Z  INFO tailwindcss_oxide::scanner: Reading "C:\\Users\\Home\\Downloads\\TienditaC.P.S-main\\src\\lib\\supabase\\client.ts"
2025-12-20T15:25:14.076661Z  INFO tailwindcss_oxide::scanner: Reading "C:\\Users\\Home\\Downloads\\TienditaC.P.S-main\\src\\components\\button.tsx"
2025-12-20T15:25:14.081925Z  INFO tailwindcss_oxide::scanner: Reading "C:\\Users\\Home\\Downloads\\TienditaC.P.S-main\\src\\app\\dashboard\\page.tsx"
2025-12-20T15:25:14.082225Z  INFO tailwindcss_oxide::scanner: Reading "C:\\Users\\Home\\Downloads\\TienditaC.P.S-main\\src\\lib\\supabase\\database.types.ts"
2025-12-20T15:25:14.084663Z  INFO tailwindcss_oxide::scanner: Reading "C:\\Users\\Home\\Downloads\\TienditaC.P.S-main\\src\\components\\confirm-dialog.tsx"
2025-12-20T15:25:14.087412Z  INFO tailwindcss_oxide::scanner: Reading "C:\\Users\\Home\\Downloads\\TienditaC.P.S-main\\src\\lib\\weekly-credits.ts"
2025-12-20T15:25:14.089701Z  INFO tailwindcss_oxide::scanner: Reading "C:\\Users\\Home\\Downloads\\TienditaC.P.S-main\\src\\components\\dark-mode-toggle.tsx"
2025-12-20T15:25:14.095806Z  INFO tailwindcss_oxide::scanner: Reading "C:\\Users\\Home\\Downloads\\TienditaC.P.S-main\\src\\lib\\supabase\\server.ts"
2025-12-20T15:25:14.095931Z  INFO tailwindcss_oxide::scanner: Reading "C:\\Users\\Home\\Downloads\\TienditaC.P.S-main\\tsconfig.json"
2025-12-20T15:25:14.096061Z  INFO extract_candidates:read_all_files: tailwindcss_oxide::scanner: exit
2025-12-20T15:25:14.096093Z  INFO extract_candidates:parse_all_blobs: tailwindcss_oxide::scanner: enter
2025-12-20T15:25:14.096110Z  INFO extract_candidates:parse_all_blobs:extract: tailwindcss_oxide::scanner: enter
2025-12-20T15:25:14.129070Z  INFO extract_candidates:parse_all_blobs:extract: tailwindcss_oxide::scanner: exit
2025-12-20T15:25:14.138833Z  INFO extract_candidates:parse_all_blobs: tailwindcss_oxide::scanner: exit
2025-12-20T15:25:14.138876Z  INFO extract_candidates:read_all_files: tailwindcss_oxide::scanner: enter
2025-12-20T15:25:14.138886Z  INFO extract_candidates:read_all_files: tailwindcss_oxide::scanner: Reading 1 file(s)
2025-12-20T15:25:14.143973Z  INFO extract_candidates:read_all_files: tailwindcss_oxide::scanner: Reading "C:\\Users\\Home\\Downloads\\TienditaC.P.S-main\\src\\app\\globals.css"
2025-12-20T15:25:14.144032Z  INFO extract_candidates:read_all_files: tailwindcss_oxide::scanner: exit
2025-12-20T15:25:14.144065Z  INFO extract_candidates:extract_css_variables: tailwindcss_oxide::scanner: enter
2025-12-20T15:25:14.144077Z  INFO extract_candidates:extract_css_variables:extract: tailwindcss_oxide::scanner: enter
2025-12-20T15:25:14.144369Z  INFO extract_candidates:extract_css_variables:extract: tailwindcss_oxide::scanner: exit
2025-12-20T15:25:14.144397Z  INFO extract_candidates:extract_css_variables: tailwindcss_oxide::scanner: exit
2025-12-20T15:25:14.145106Z  INFO extract_candidates: tailwindcss_oxide::scanner: exit
2025-12-20T15:25:14.150941Z  INFO get_files: tailwindcss_oxide::scanner: enter
2025-12-20T15:25:14.150981Z  INFO get_files:scan_sources: tailwindcss_oxide::scanner: enter
2025-12-20T15:25:14.160146Z  INFO get_files:scan_sources: tailwindcss_oxide::scanner: Discovering "C:\\Users\\Home\\Downloads\\TienditaC.P.S-main\\db"
2025-12-20T15:25:14.162286Z  INFO get_files:scan_sources: tailwindcss_oxide::scanner: Discovering "C:\\Users\\Home\\Downloads\\TienditaC.P.S-main\\public"
2025-12-20T15:25:14.163266Z  INFO get_files:scan_sources: tailwindcss_oxide::scanner: Discovering "C:\\Users\\Home\\Downloads\\TienditaC.P.S-main\\src"
2025-12-20T15:25:14.163756Z  INFO get_files:scan_sources: tailwindcss_oxide::scanner: Discovering "C:\\Users\\Home\\Downloads\\TienditaC.P.S-main\\src\\app"
2025-12-20T15:25:14.172288Z  INFO get_files:scan_sources: tailwindcss_oxide::scanner: Discovering "C:\\Users\\Home\\Downloads\\TienditaC.P.S-main\\src\\app\\credits"
2025-12-20T15:25:14.175571Z  INFO get_files:scan_sources: tailwindcss_oxide::scanner: Discovering "C:\\Users\\Home\\Downloads\\TienditaC.P.S-main\\src\\app\\customers"
2025-12-20T15:25:14.176955Z  INFO get_files:scan_sources: tailwindcss_oxide::scanner: Discovering "C:\\Users\\Home\\Downloads\\TienditaC.P.S-main\\src\\app\\dashboard"
2025-12-20T15:25:14.178069Z  INFO get_files:scan_sources: tailwindcss_oxide::scanner: Discovering "C:\\Users\\Home\\Downloads\\TienditaC.P.S-main\\src\\app\\inventory"
2025-12-20T15:25:14.179064Z  INFO get_files:scan_sources: tailwindcss_oxide::scanner: Discovering "C:\\Users\\Home\\Downloads\\TienditaC.P.S-main\\src\\app\\pos"
2025-12-20T15:25:14.180071Z  INFO get_files:scan_sources: tailwindcss_oxide::scanner: Discovering "C:\\Users\\Home\\Downloads\\TienditaC.P.S-main\\src\\app\\sales"
2025-12-20T15:25:14.180667Z  INFO get_files:scan_sources: tailwindcss_oxide::scanner: Discovering "C:\\Users\\Home\\Downloads\\TienditaC.P.S-main\\src\\components"
2025-12-20T15:25:14.181956Z  INFO get_files:scan_sources: tailwindcss_oxide::scanner: Discovering "C:\\Users\\Home\\Downloads\\TienditaC.P.S-main\\src\\lib"
2025-12-20T15:25:14.182411Z  INFO get_files:scan_sources: tailwindcss_oxide::scanner: Discovering "C:\\Users\\Home\\Downloads\\TienditaC.P.S-main\\src\\lib\\supabase"
2025-12-20T15:25:14.183271Z  INFO get_files:scan_sources: tailwindcss_oxide::scanner: exit
2025-12-20T15:25:14.186154Z  INFO get_files: tailwindcss_oxide::scanner: exit
2025-12-20T15:25:14.187937Z  INFO get_globs: tailwindcss_oxide::scanner: enter
2025-12-20T15:25:14.187990Z  INFO get_globs:scan_sources: tailwindcss_oxide::scanner: enter
2025-12-20T15:25:14.208600Z  INFO get_globs:scan_sources: tailwindcss_oxide::scanner: Discovering "C:\\Users\\Home\\Downloads\\TienditaC.P.S-main\\db"
2025-12-20T15:25:14.212055Z  INFO get_globs:scan_sources: tailwindcss_oxide::scanner: Discovering "C:\\Users\\Home\\Downloads\\TienditaC.P.S-main\\public"
2025-12-20T15:25:14.215575Z  INFO get_globs:scan_sources: tailwindcss_oxide::scanner: Discovering "C:\\Users\\Home\\Downloads\\TienditaC.P.S-main\\src"
2025-12-20T15:25:14.216249Z  INFO get_globs:scan_sources: tailwindcss_oxide::scanner: Discovering "C:\\Users\\Home\\Downloads\\TienditaC.P.S-main\\src\\app"
2025-12-20T15:25:14.216906Z  INFO get_globs:scan_sources: tailwindcss_oxide::scanner: Discovering "C:\\Users\\Home\\Downloads\\TienditaC.P.S-main\\src\\app\\credits"
2025-12-20T15:25:14.217553Z  INFO get_globs:scan_sources: tailwindcss_oxide::scanner: Discovering "C:\\Users\\Home\\Downloads\\TienditaC.P.S-main\\src\\app\\customers"
2025-12-20T15:25:14.218129Z  INFO get_globs:scan_sources: tailwindcss_oxide::scanner: Discovering "C:\\Users\\Home\\Downloads\\TienditaC.P.S-main\\src\\app\\dashboard"
2025-12-20T15:25:14.218797Z  INFO get_globs:scan_sources: tailwindcss_oxide::scanner: Discovering "C:\\Users\\Home\\Downloads\\TienditaC.P.S-main\\src\\app\\inventory"
2025-12-20T15:25:14.220656Z  INFO get_globs:scan_sources: tailwindcss_oxide::scanner: Discovering "C:\\Users\\Home\\Downloads\\TienditaC.P.S-main\\src\\app\\pos"
2025-12-20T15:25:14.222504Z  INFO get_globs:scan_sources: tailwindcss_oxide::scanner: Discovering "C:\\Users\\Home\\Downloads\\TienditaC.P.S-main\\src\\app\\sales"
2025-12-20T15:25:14.223139Z  INFO get_globs:scan_sources: tailwindcss_oxide::scanner: Discovering "C:\\Users\\Home\\Downloads\\TienditaC.P.S-main\\src\\components"
2025-12-20T15:25:14.224647Z  INFO get_globs:scan_sources: tailwindcss_oxide::scanner: Discovering "C:\\Users\\Home\\Downloads\\TienditaC.P.S-main\\src\\lib"
2025-12-20T15:25:14.229991Z  INFO get_globs:scan_sources: tailwindcss_oxide::scanner: Discovering "C:\\Users\\Home\\Downloads\\TienditaC.P.S-main\\src\\lib\\supabase"
2025-12-20T15:25:14.231152Z  INFO get_globs:scan_sources: tailwindcss_oxide::scanner: exit
2025-12-20T15:25:14.367701Z  INFO get_globs: tailwindcss_oxide::scanner: exit
